[18:56:31] [ServerMain/INFO]: [bootstrap] Running Java 21 (OpenJDK 64-Bit Server VM 21.0.6+7-Ubuntu-120.04.1; Ubuntu null) on Linux 6.8.0-1021-azure (amd64)
[18:56:31] [ServerMain/INFO]: [bootstrap] Loading Paper 1.21-130-master@b1b5d4c (2024-08-10T10:02:42Z) for Minecraft 1.21
[18:56:31] [ServerMain/INFO]: [PluginInitializerManager] Initializing plugins...
[18:56:31] [ServerMain/INFO]: [PluginInitializerManager] Initialized 0 plugins
[18:56:31] [Paper Plugin Remapper Thread - 1/INFO]: [ReobfServer] Remapping server...
[18:56:38] [ServerMain/INFO]: Environment: Environment[sessionHost=https://sessionserver.mojang.com, servicesHost=https://api.minecraftservices.com, name=PROD]
[18:56:38] [ServerMain/INFO]: Found new data pack file/bukkit, loading it automatically
[18:56:38] [ServerMain/INFO]: Found new data pack paper, loading it automatically
[18:56:39] [ServerMain/INFO]: No existing world data, creating new world
[18:56:40] [Paper Plugin Remapper Thread - 1/INFO]: [ReobfServer] Done remapping server in 8803ms.
[18:56:40] [ServerMain/INFO]: Loaded 1290 recipes
[18:56:41] [ServerMain/INFO]: Loaded 1399 advancements
[18:56:41] [Server thread/INFO]: Starting minecraft server version 1.21
[18:56:41] [Server thread/INFO]: Loading properties
[18:56:41] [Server thread/INFO]: This server is running Paper version 1.21-130-master@b1b5d4c (2024-08-10T10:02:42Z) (Implementing API version 1.21-R0.1-SNAPSHOT)
[18:56:42] [Server thread/INFO]: [spark] This server bundles the spark profiler. For more information please visit https://docs.papermc.io/paper/profiling
[18:56:42] [Server thread/INFO]: Server Ping Player Sample Count: 12
[18:56:42] [Server thread/INFO]: Using 4 threads for Netty based IO
[18:56:42] [Server thread/INFO]: [ChunkTaskScheduler] Chunk system is using 1 I/O threads, 1 worker threads, and population gen parallelism of 1 threads
[18:56:43] [Server thread/INFO]: Default game type: SURVIVAL
[18:56:43] [Server thread/INFO]: Generating keypair
[18:56:43] [Server thread/INFO]: Starting Minecraft server on *:25565
[18:56:43] [Server thread/INFO]: Using epoll channel type
[18:56:43] [Server thread/INFO]: Paper: Using libdeflate (Linux x86_64) compression from Velocity.
[18:56:43] [Server thread/INFO]: Paper: Using OpenSSL 1.1.x (Linux x86_64) cipher from Velocity.
[18:56:43] [Server thread/WARN]: **** SERVER IS RUNNING IN OFFLINE/INSECURE MODE!
[18:56:43] [Server thread/WARN]: The server will make no attempt to authenticate usernames. Beware.
[18:56:43] [Server thread/WARN]: While this makes the game possible to play without internet access, it also opens up the ability for hackers to connect with any username they choose.
[18:56:43] [Server thread/WARN]: To change this, set "online-mode" to "true" in the server.properties file.
[18:56:43] [Server thread/INFO]: Preparing level "world"
[18:56:53] [Server thread/INFO]: Preparing start region for dimension minecraft:overworld
[18:57:00] [Server thread/INFO]: Time elapsed: 6495 ms
[18:57:00] [Server thread/INFO]: Preparing start region for dimension minecraft:the_nether
[18:57:02] [Server thread/INFO]: Time elapsed: 2100 ms
[18:57:02] [Server thread/INFO]: Preparing start region for dimension minecraft:the_end
[18:57:02] [Server thread/INFO]: Time elapsed: 563 ms
[18:57:02] [Server thread/INFO]: [spark] Starting background profiler...
[18:57:03] [Server thread/INFO]: Done preparing level "world" (20.113s)
[18:57:03] [Server thread/INFO]: Running delayed init tasks
[18:57:03] [Server thread/INFO]: Done (32.897s)! For help, type "help"
[18:57:03] [Server thread/INFO]: *************************************************************************************
[18:57:03] [Server thread/INFO]: This is the first time you're starting this server.
[18:57:03] [Server thread/INFO]: It's recommended you read our 'Getting Started' documentation for guidance.
[18:57:03] [Server thread/INFO]: View this and more helpful information here: https://docs.papermc.io/paper/next-steps
[18:57:03] [Server thread/INFO]: *************************************************************************************
[18:57:03] [Server thread/INFO]: Timings Reset
[18:57:03] [Server thread/INFO]: Unknown or incomplete command, see below for error
/home/codespace/.python/current/bin/python3 /workspaces/Masterlandia/msx.py<--[HERE]
[18:57:32] [User Authenticator #0/INFO]: UUID of player MaxxTer357 is 17547074-87d0-3c2a-9d72-1fca58296ef7
[18:57:33] [Server thread/INFO]: MaxxTer357 joined the game
[18:57:33] [Server thread/INFO]: MaxxTer357[/127.173.243.67:55767] logged in with entity id 41 at ([world]70.5, 63.0, -67.5)
[18:59:04] [Server thread/INFO]: Made MaxxTer357 a server operator
[18:59:06] [Async Chat Thread - #0/INFO]: [Not Secure] <MaxxTer357> a
[18:59:12] [Server thread/INFO]: MaxxTer357 issued server command: /gamemode creative
[18:59:12] [Server thread/INFO]: [MaxxTer357: Set own game mode to Creative Mode]
[18:59:58] [Server thread/INFO]: MaxxTer357 lost connection: Disconnected
[18:59:58] [Server thread/INFO]: MaxxTer357 left the game
[19:02:20] [Server thread/INFO]: Stopping server
[19:02:20] [Server thread/INFO]: Saving players
[19:02:20] [Server thread/INFO]: Saving worlds
[19:02:20] [Server thread/INFO]: Saving chunks for level 'ServerLevel[world]'/minecraft:overworld
[19:02:20] [Server thread/INFO]: [ChunkHolderManager] Waiting 60s for chunk system to halt for world 'world'
[19:02:20] [Server thread/INFO]: [ChunkHolderManager] Halted chunk system for world 'world'
[19:02:20] [Server thread/INFO]: [ChunkHolderManager] Saving all chunkholders for world 'world'
[19:02:21] [Server thread/INFO]: [ChunkHolderManager] Saved 792 block chunks, 672 entity chunks, 10 poi chunks in world 'world' in 1.15s
[19:02:21] [Server thread/INFO]: Saving chunks for level 'ServerLevel[world_nether]'/minecraft:the_nether
[19:02:21] [Server thread/INFO]: [ChunkHolderManager] Waiting 60s for chunk system to halt for world 'world_nether'
[19:02:21] [Server thread/INFO]: [ChunkHolderManager] Halted chunk system for world 'world_nether'
[19:02:21] [Server thread/INFO]: [ChunkHolderManager] Saving all chunkholders for world 'world_nether'
[19:02:21] [Server thread/INFO]: [ChunkHolderManager] Saved 792 block chunks, 0 entity chunks, 0 poi chunks in world 'world_nether' in 0.25s
[19:02:21] [Server thread/INFO]: Saving chunks for level 'ServerLevel[world_the_end]'/minecraft:the_end
[19:02:21] [Server thread/INFO]: [ChunkHolderManager] Waiting 60s for chunk system to halt for world 'world_the_end'
[19:02:21] [Server thread/INFO]: [ChunkHolderManager] Halted chunk system for world 'world_the_end'
[19:02:21] [Server thread/INFO]: [ChunkHolderManager] Saving all chunkholders for world 'world_the_end'
[19:02:21] [Server thread/INFO]: [ChunkHolderManager] Saved 792 block chunks, 10 entity chunks, 0 poi chunks in world 'world_the_end' in 0.22s
[19:02:21] [Server thread/INFO]: ThreadedAnvilChunkStorage (world): All chunks are saved
[19:02:21] [Server thread/INFO]: ThreadedAnvilChunkStorage (DIM-1): All chunks are saved
[19:02:21] [Server thread/INFO]: ThreadedAnvilChunkStorage (DIM1): All chunks are saved
[19:02:21] [Server thread/INFO]: ThreadedAnvilChunkStorage: All dimensions are saved
